2021-08-28 12:30:29.371  INFO 20933 --- [restartedMain] o.n.s.admin.ShopifyBackEndApplication    : Starting ShopifyBackEndApplication using Java 16.0.2 on nir with PID 20933 (/home/nir/Desktop/MyProjects/Shopify/ShopifyProject/ShopifyWebParent/ShopifyBackEnd/target/classes started by nir in /home/nir/Desktop/MyProjects/Shopify/ShopifyProject/ShopifyWebParent/ShopifyBackEnd)
2021-08-28 12:30:29.373  INFO 20933 --- [restartedMain] o.n.s.admin.ShopifyBackEndApplication    : No active profile set, falling back to default profiles: default
2021-08-28 12:30:29.425  INFO 20933 --- [restartedMain] .e.DevToolsPropertyDefaultsPostProcessor : Devtools property defaults active! Set 'spring.devtools.add-properties' to 'false' to disable
2021-08-28 12:30:29.425  INFO 20933 --- [restartedMain] .e.DevToolsPropertyDefaultsPostProcessor : For additional web related logging consider setting the 'logging.level.web' property to 'DEBUG'
2021-08-28 12:30:30.145  INFO 20933 --- [restartedMain] .s.d.r.c.RepositoryConfigurationDelegate : Bootstrapping Spring Data JPA repositories in DEFAULT mode.
2021-08-28 12:30:30.199  INFO 20933 --- [restartedMain] .s.d.r.c.RepositoryConfigurationDelegate : Finished Spring Data repository scanning in 44 ms. Found 2 JPA repository interfaces.
2021-08-28 12:30:30.845  INFO 20933 --- [restartedMain] o.s.b.w.embedded.tomcat.TomcatWebServer  : Tomcat initialized with port(s): 8080 (http)
2021-08-28 12:30:30.861  INFO 20933 --- [restartedMain] o.apache.catalina.core.StandardService   : Starting service [Tomcat]
2021-08-28 12:30:30.861  INFO 20933 --- [restartedMain] org.apache.catalina.core.StandardEngine  : Starting Servlet engine: [Apache Tomcat/9.0.52]
2021-08-28 12:30:30.944  INFO 20933 --- [restartedMain] o.a.c.c.C.[.[localhost].[/ShopifyAdmin]  : Initializing Spring embedded WebApplicationContext
2021-08-28 12:30:30.944  INFO 20933 --- [restartedMain] w.s.c.ServletWebServerApplicationContext : Root WebApplicationContext: initialization completed in 1518 ms
2021-08-28 12:30:31.171  INFO 20933 --- [restartedMain] o.hibernate.jpa.internal.util.LogHelper  : HHH000204: Processing PersistenceUnitInfo [name: default]
2021-08-28 12:30:31.222  INFO 20933 --- [restartedMain] org.hibernate.Version                    : HHH000412: Hibernate ORM core version 5.4.32.Final
2021-08-28 12:30:31.344  INFO 20933 --- [restartedMain] o.hibernate.annotations.common.Version   : HCANN000001: Hibernate Commons Annotations {5.1.2.Final}
2021-08-28 12:30:31.434  INFO 20933 --- [restartedMain] com.zaxxer.hikari.HikariDataSource       : HikariPool-1 - Starting...
2021-08-28 12:30:31.886  INFO 20933 --- [restartedMain] com.zaxxer.hikari.HikariDataSource       : HikariPool-1 - Start completed.
2021-08-28 12:30:31.904  INFO 20933 --- [restartedMain] org.hibernate.dialect.Dialect            : HHH000400: Using dialect: org.hibernate.dialect.MySQL8Dialect
2021-08-28 12:30:32.727  INFO 20933 --- [restartedMain] o.h.e.t.j.p.i.JtaPlatformInitiator       : HHH000490: Using JtaPlatform implementation: [org.hibernate.engine.transaction.jta.platform.internal.NoJtaPlatform]
2021-08-28 12:30:32.737  INFO 20933 --- [restartedMain] j.LocalContainerEntityManagerFactoryBean : Initialized JPA EntityManagerFactory for persistence unit 'default'
2021-08-28 12:30:32.797  WARN 20933 --- [restartedMain] JpaBaseConfiguration$JpaWebConfiguration : spring.jpa.open-in-view is enabled by default. Therefore, database queries may be performed during view rendering. Explicitly configure spring.jpa.open-in-view to disable this warning
2021-08-28 12:30:33.448  INFO 20933 --- [restartedMain] o.s.s.web.DefaultSecurityFilterChain     : Will secure Ant [pattern='/images/**'] with []
2021-08-28 12:30:33.449  INFO 20933 --- [restartedMain] o.s.s.web.DefaultSecurityFilterChain     : Will secure Ant [pattern='/js/**'] with []
2021-08-28 12:30:33.451  INFO 20933 --- [restartedMain] o.s.s.web.DefaultSecurityFilterChain     : Will secure Ant [pattern='/webjars/**'] with []
2021-08-28 12:30:33.495  INFO 20933 --- [restartedMain] o.s.s.web.DefaultSecurityFilterChain     : Will secure any request with [org.springframework.security.web.context.request.async.WebAsyncManagerIntegrationFilter@1b2f7670, org.springframework.security.web.context.SecurityContextPersistenceFilter@a0122ff, org.springframework.security.web.header.HeaderWriterFilter@13107a51, org.springframework.security.web.csrf.CsrfFilter@4c33eb5f, org.springframework.security.web.authentication.logout.LogoutFilter@4965e504, org.springframework.security.web.authentication.UsernamePasswordAuthenticationFilter@743701fb, org.springframework.security.web.savedrequest.RequestCacheAwareFilter@1e1208fb, org.springframework.security.web.servletapi.SecurityContextHolderAwareRequestFilter@769ead63, org.springframework.security.web.authentication.rememberme.RememberMeAuthenticationFilter@74d6661b, org.springframework.security.web.authentication.AnonymousAuthenticationFilter@15394022, org.springframework.security.web.session.SessionManagementFilter@617d0cfc, org.springframework.security.web.access.ExceptionTranslationFilter@13278ff4, org.springframework.security.web.access.intercept.FilterSecurityInterceptor@2f7bb791]
2021-08-28 12:30:33.727  INFO 20933 --- [restartedMain] o.s.b.a.w.s.WelcomePageHandlerMapping    : Adding welcome page template: index
2021-08-28 12:30:34.420  INFO 20933 --- [restartedMain] o.s.b.d.a.OptionalLiveReloadServer       : LiveReload server is running on port 35729
2021-08-28 12:30:34.456  INFO 20933 --- [restartedMain] o.s.b.w.embedded.tomcat.TomcatWebServer  : Tomcat started on port(s): 8080 (http) with context path '/ShopifyAdmin'
2021-08-28 12:30:34.471  INFO 20933 --- [restartedMain] o.n.s.admin.ShopifyBackEndApplication    : Started ShopifyBackEndApplication in 5.559 seconds (JVM running for 6.691)
